2024-03-20 18:57:49.900  INFO 32420 --- [main] c.w.s.SystemlinkwebApplication           : Starting SystemlinkwebApplication on DESKTOP-QQ2KTED with PID 32420 (C:\Users\Lenovo\Desktop\Graduate\gasnew\target\classes started by Lenovo in C:\Users\Lenovo\Desktop\Graduate\gasnew)
2024-03-20 18:57:49.905  INFO 32420 --- [main] c.w.s.SystemlinkwebApplication           : No active profile set, falling back to default profiles: default
2024-03-20 18:57:50.561  INFO 32420 --- [main] .s.d.r.c.RepositoryConfigurationDelegate : Multiple Spring Data modules found, entering strict repository configuration mode!
2024-03-20 18:57:50.563  INFO 32420 --- [main] .s.d.r.c.RepositoryConfigurationDelegate : Bootstrapping Spring Data Redis repositories in DEFAULT mode.
2024-03-20 18:57:50.600  INFO 32420 --- [main] .s.d.r.c.RepositoryConfigurationDelegate : Finished Spring Data repository scanning in 22ms. Found 0 Redis repository interfaces.
2024-03-20 18:57:51.113  INFO 32420 --- [main] o.s.b.w.embedded.tomcat.TomcatWebServer  : Tomcat initialized with port(s): 6507 (http)
2024-03-20 18:57:51.121  INFO 32420 --- [main] o.apache.catalina.core.StandardService   : Starting service [Tomcat]
2024-03-20 18:57:51.121  INFO 32420 --- [main] org.apache.catalina.core.StandardEngine  : Starting Servlet engine: [Apache Tomcat/9.0.33]
2024-03-20 18:57:51.194  INFO 32420 --- [main] o.a.c.c.C.[Tomcat].[localhost].[/]       : Initializing Spring embedded WebApplicationContext
2024-03-20 18:57:51.194  INFO 32420 --- [main] o.s.web.context.ContextLoader            : Root WebApplicationContext: initialization completed in 1257 ms
2024-03-20 18:57:52.021  INFO 32420 --- [main] pertySourcedRequestMappingHandlerMapping : Mapped URL path [/v2/api-docs] onto method [springfox.documentation.swagger2.web.Swagger2Controller#getDocumentation(String, HttpServletRequest)]
2024-03-20 18:57:52.106  INFO 32420 --- [main] o.s.s.concurrent.ThreadPoolTaskExecutor  : Initializing ExecutorService 'applicationTaskExecutor'
2024-03-20 18:57:52.193  WARN 32420 --- [main] ion$DefaultTemplateResolverConfiguration : Cannot find template location: classpath:/templates/ (please add some templates or check your Thymeleaf configuration)
2024-03-20 18:57:52.317  INFO 32420 --- [main] d.s.w.p.DocumentationPluginsBootstrapper : Context refreshed
2024-03-20 18:57:52.328  INFO 32420 --- [main] d.s.w.p.DocumentationPluginsBootstrapper : Found 1 custom documentation plugin(s)
2024-03-20 18:57:52.348  INFO 32420 --- [main] s.d.s.w.s.ApiListingReferenceScanner     : Scanning for api listing references
2024-03-20 18:57:52.472  INFO 32420 --- [main] .d.s.w.r.o.CachingOperationNameGenerator : Generating unique operation named: listUsingGET_1
2024-03-20 18:57:52.530  INFO 32420 --- [main] o.s.b.w.embedded.tomcat.TomcatWebServer  : Tomcat started on port(s): 6507 (http) with context path ''
2024-03-20 18:57:52.533  INFO 32420 --- [main] c.w.s.SystemlinkwebApplication           : Started SystemlinkwebApplication in 2.912 seconds (JVM running for 3.578)
2024-03-20 18:58:08.481  INFO 32420 --- [http-nio-6507-exec-2] o.a.c.c.C.[Tomcat].[localhost].[/]       : Initializing Spring DispatcherServlet 'dispatcherServlet'
2024-03-20 18:58:08.481  INFO 32420 --- [http-nio-6507-exec-2] o.s.web.servlet.DispatcherServlet        : Initializing Servlet 'dispatcherServlet'
2024-03-20 18:58:08.486  INFO 32420 --- [http-nio-6507-exec-2] o.s.web.servlet.DispatcherServlet        : Completed initialization in 4 ms
2024-03-20 19:18:43.855  INFO 32420 --- [SpringContextShutdownHook] o.s.s.concurrent.ThreadPoolTaskExecutor  : Shutting down ExecutorService 'applicationTaskExecutor'
2024-03-20 19:18:43.857  INFO 32420 --- [SpringContextShutdownHook] com.alibaba.druid.pool.DruidDataSource   : {dataSource-0} closing ...
2024-03-20 19:18:58.171  INFO 28236 --- [main] c.w.s.SystemlinkwebApplication           : Starting SystemlinkwebApplication on DESKTOP-QQ2KTED with PID 28236 (C:\Users\Lenovo\Desktop\Graduate\gasnew\target\classes started by Lenovo in C:\Users\Lenovo\Desktop\Graduate\gasnew)
2024-03-20 19:18:58.173  INFO 28236 --- [main] c.w.s.SystemlinkwebApplication           : No active profile set, falling back to default profiles: default
2024-03-20 19:18:58.811  INFO 28236 --- [main] .s.d.r.c.RepositoryConfigurationDelegate : Multiple Spring Data modules found, entering strict repository configuration mode!
2024-03-20 19:18:58.813  INFO 28236 --- [main] .s.d.r.c.RepositoryConfigurationDelegate : Bootstrapping Spring Data Redis repositories in DEFAULT mode.
2024-03-20 19:18:58.853  INFO 28236 --- [main] .s.d.r.c.RepositoryConfigurationDelegate : Finished Spring Data repository scanning in 29ms. Found 0 Redis repository interfaces.
2024-03-20 19:18:59.339  INFO 28236 --- [main] o.s.b.w.embedded.tomcat.TomcatWebServer  : Tomcat initialized with port(s): 6507 (http)
2024-03-20 19:18:59.347  INFO 28236 --- [main] o.apache.catalina.core.StandardService   : Starting service [Tomcat]
2024-03-20 19:18:59.347  INFO 28236 --- [main] org.apache.catalina.core.StandardEngine  : Starting Servlet engine: [Apache Tomcat/9.0.33]
2024-03-20 19:18:59.431  INFO 28236 --- [main] o.a.c.c.C.[Tomcat].[localhost].[/]       : Initializing Spring embedded WebApplicationContext
2024-03-20 19:18:59.431  INFO 28236 --- [main] o.s.web.context.ContextLoader            : Root WebApplicationContext: initialization completed in 1224 ms
2024-03-20 19:19:00.114  INFO 28236 --- [main] pertySourcedRequestMappingHandlerMapping : Mapped URL path [/v2/api-docs] onto method [springfox.documentation.swagger2.web.Swagger2Controller#getDocumentation(String, HttpServletRequest)]
2024-03-20 19:19:00.214  INFO 28236 --- [main] o.s.s.web.DefaultSecurityFilterChain     : Creating filter chain: any request, [org.springframework.security.web.context.request.async.WebAsyncManagerIntegrationFilter@b4d83ac, org.springframework.security.web.context.SecurityContextPersistenceFilter@69d58731, org.springframework.security.web.header.HeaderWriterFilter@4d4c4b14, org.springframework.security.web.csrf.CsrfFilter@35d88a54, org.springframework.security.web.authentication.logout.LogoutFilter@2567c091, org.springframework.security.web.authentication.UsernamePasswordAuthenticationFilter@4dd4965a, org.springframework.security.web.savedrequest.RequestCacheAwareFilter@1b5af65b, org.springframework.security.web.servletapi.SecurityContextHolderAwareRequestFilter@614cd187, org.springframework.security.web.authentication.AnonymousAuthenticationFilter@13d10057, org.springframework.security.web.session.SessionManagementFilter@11170228, org.springframework.security.web.access.ExceptionTranslationFilter@7c048b30, org.springframework.security.web.access.intercept.FilterSecurityInterceptor@45790cb]
2024-03-20 19:19:00.292  INFO 28236 --- [main] o.s.s.concurrent.ThreadPoolTaskExecutor  : Initializing ExecutorService 'applicationTaskExecutor'
2024-03-20 19:19:00.364  WARN 28236 --- [main] ion$DefaultTemplateResolverConfiguration : Cannot find template location: classpath:/templates/ (please add some templates or check your Thymeleaf configuration)
2024-03-20 19:19:00.475  INFO 28236 --- [main] d.s.w.p.DocumentationPluginsBootstrapper : Context refreshed
2024-03-20 19:19:00.484  INFO 28236 --- [main] d.s.w.p.DocumentationPluginsBootstrapper : Found 1 custom documentation plugin(s)
2024-03-20 19:19:00.500  INFO 28236 --- [main] s.d.s.w.s.ApiListingReferenceScanner     : Scanning for api listing references
2024-03-20 19:19:00.614  INFO 28236 --- [main] .d.s.w.r.o.CachingOperationNameGenerator : Generating unique operation named: listUsingGET_1
2024-03-20 19:19:00.666  INFO 28236 --- [main] o.s.b.w.embedded.tomcat.TomcatWebServer  : Tomcat started on port(s): 6507 (http) with context path ''
2024-03-20 19:19:00.668  INFO 28236 --- [main] c.w.s.SystemlinkwebApplication           : Started SystemlinkwebApplication in 2.76 seconds (JVM running for 3.336)
2024-03-20 19:19:03.557  INFO 28236 --- [http-nio-6507-exec-1] o.a.c.c.C.[Tomcat].[localhost].[/]       : Initializing Spring DispatcherServlet 'dispatcherServlet'
2024-03-20 19:19:03.557  INFO 28236 --- [http-nio-6507-exec-1] o.s.web.servlet.DispatcherServlet        : Initializing Servlet 'dispatcherServlet'
2024-03-20 19:19:03.562  INFO 28236 --- [http-nio-6507-exec-1] o.s.web.servlet.DispatcherServlet        : Completed initialization in 5 ms
2024-03-20 19:26:20.981  INFO 28236 --- [SpringContextShutdownHook] o.s.s.concurrent.ThreadPoolTaskExecutor  : Shutting down ExecutorService 'applicationTaskExecutor'
2024-03-20 19:26:20.983  INFO 28236 --- [SpringContextShutdownHook] com.alibaba.druid.pool.DruidDataSource   : {dataSource-0} closing ...
2024-03-20 19:26:27.269  INFO 21980 --- [main] c.w.s.SystemlinkwebApplication           : Starting SystemlinkwebApplication on DESKTOP-QQ2KTED with PID 21980 (C:\Users\Lenovo\Desktop\Graduate\gasnew\target\classes started by Lenovo in C:\Users\Lenovo\Desktop\Graduate\gasnew)
2024-03-20 19:26:27.271  INFO 21980 --- [main] c.w.s.SystemlinkwebApplication           : No active profile set, falling back to default profiles: default
2024-03-20 19:26:27.825  INFO 21980 --- [main] .s.d.r.c.RepositoryConfigurationDelegate : Multiple Spring Data modules found, entering strict repository configuration mode!
2024-03-20 19:26:27.827  INFO 21980 --- [main] .s.d.r.c.RepositoryConfigurationDelegate : Bootstrapping Spring Data Redis repositories in DEFAULT mode.
2024-03-20 19:26:27.863  INFO 21980 --- [main] .s.d.r.c.RepositoryConfigurationDelegate : Finished Spring Data repository scanning in 22ms. Found 0 Redis repository interfaces.
2024-03-20 19:26:28.348  INFO 21980 --- [main] o.s.b.w.embedded.tomcat.TomcatWebServer  : Tomcat initialized with port(s): 6507 (http)
2024-03-20 19:26:28.354  INFO 21980 --- [main] o.apache.catalina.core.StandardService   : Starting service [Tomcat]
2024-03-20 19:26:28.354  INFO 21980 --- [main] org.apache.catalina.core.StandardEngine  : Starting Servlet engine: [Apache Tomcat/9.0.33]
2024-03-20 19:26:28.421  INFO 21980 --- [main] o.a.c.c.C.[Tomcat].[localhost].[/]       : Initializing Spring embedded WebApplicationContext
2024-03-20 19:26:28.421  INFO 21980 --- [main] o.s.web.context.ContextLoader            : Root WebApplicationContext: initialization completed in 1120 ms
2024-03-20 19:26:29.078  INFO 21980 --- [main] pertySourcedRequestMappingHandlerMapping : Mapped URL path [/v2/api-docs] onto method [springfox.documentation.swagger2.web.Swagger2Controller#getDocumentation(String, HttpServletRequest)]
2024-03-20 19:26:29.161  INFO 21980 --- [main] o.s.s.web.DefaultSecurityFilterChain     : Creating filter chain: any request, [org.springframework.security.web.context.request.async.WebAsyncManagerIntegrationFilter@3e998033, org.springframework.security.web.context.SecurityContextPersistenceFilter@7b64bbad, org.springframework.security.web.header.HeaderWriterFilter@25ea068e, org.springframework.security.web.csrf.CsrfFilter@454e9d65, org.springframework.security.web.authentication.logout.LogoutFilter@78743dd8, org.springframework.security.web.authentication.UsernamePasswordAuthenticationFilter@1c62d2ad, org.springframework.security.web.savedrequest.RequestCacheAwareFilter@574218f, org.springframework.security.web.servletapi.SecurityContextHolderAwareRequestFilter@45d46254, org.springframework.security.web.authentication.AnonymousAuthenticationFilter@e1a150c, org.springframework.security.web.session.SessionManagementFilter@201a8ea7, org.springframework.security.web.access.ExceptionTranslationFilter@24f90aff, org.springframework.security.web.access.intercept.FilterSecurityInterceptor@79144d0e]
2024-03-20 19:26:29.228  INFO 21980 --- [main] o.s.s.concurrent.ThreadPoolTaskExecutor  : Initializing ExecutorService 'applicationTaskExecutor'
2024-03-20 19:26:29.292  WARN 21980 --- [main] ion$DefaultTemplateResolverConfiguration : Cannot find template location: classpath:/templates/ (please add some templates or check your Thymeleaf configuration)
2024-03-20 19:26:29.404  INFO 21980 --- [main] d.s.w.p.DocumentationPluginsBootstrapper : Context refreshed
2024-03-20 19:26:29.413  INFO 21980 --- [main] d.s.w.p.DocumentationPluginsBootstrapper : Found 1 custom documentation plugin(s)
2024-03-20 19:26:29.429  INFO 21980 --- [main] s.d.s.w.s.ApiListingReferenceScanner     : Scanning for api listing references
2024-03-20 19:26:29.539  INFO 21980 --- [main] .d.s.w.r.o.CachingOperationNameGenerator : Generating unique operation named: listUsingGET_1
2024-03-20 19:26:29.599  INFO 21980 --- [main] o.s.b.w.embedded.tomcat.TomcatWebServer  : Tomcat started on port(s): 6507 (http) with context path ''
2024-03-20 19:26:29.602  INFO 21980 --- [main] c.w.s.SystemlinkwebApplication           : Started SystemlinkwebApplication in 2.571 seconds (JVM running for 3.049)
2024-03-20 19:26:54.011  INFO 21980 --- [http-nio-6507-exec-2] o.a.c.c.C.[Tomcat].[localhost].[/]       : Initializing Spring DispatcherServlet 'dispatcherServlet'
2024-03-20 19:26:54.011  INFO 21980 --- [http-nio-6507-exec-2] o.s.web.servlet.DispatcherServlet        : Initializing Servlet 'dispatcherServlet'
2024-03-20 19:26:54.015  INFO 21980 --- [http-nio-6507-exec-2] o.s.web.servlet.DispatcherServlet        : Completed initialization in 4 ms
